The system is: Windows - 10.0.19041 - AMD64
Compiling the C compiler identification source file "CMakeCCompilerId.c" succeeded.
Compiler: X:/MinGW/bin/gcc.exe 
Build flags: 
Id flags:  

The output was:
0


Compilation of the C compiler identification source "CMakeCCompilerId.c" produced "a.exe"

The C compiler identification is GNU, found in "C:/Users/skysaver00/IdeaProjects/C, C++/11055_Largest_Incremental_Partial_Sequence/cmake-build-debug/CMakeFiles/3.17.5/CompilerIdC/a.exe"

Compiling the CXX compiler identification source file "CMakeCXXCompilerId.cpp" succeeded.
Compiler: X:/MinGW/bin/g++.exe 
Build flags: 
Id flags:  

The output was:
0


Compilation of the CXX compiler identification source "CMakeCXXCompilerId.cpp" produced "a.exe"

The CXX compiler identification is GNU, found in "C:/Users/skysaver00/IdeaProjects/C, C++/11055_Largest_Incremental_Partial_Sequence/cmake-build-debug/CMakeFiles/3.17.5/CompilerIdCXX/a.exe"

Determining if the C compiler works passed with the following output:
Change Dir: C:/Users/skysaver00/IdeaProjects/C, C++/11055_Largest_Incremental_Partial_Sequence/cmake-build-debug/CMakeFiles/CMakeTmp

Run Build Command(s):X:/MinGW/bin/mingw32-make.exe cmTC_8378a/fast && X:/MinGW/bin/mingw32-make.exe  -f CMakeFiles\cmTC_8378a.dir\build.make CMakeFiles/cmTC_8378a.dir/build
mingw32-make.exe[1]: Entering directory 'C:/Users/skysaver00/IdeaProjects/C, C++/11055_Largest_Incremental_Partial_Sequence/cmake-build-debug/CMakeFiles/CMakeTmp'
Building C object CMakeFiles/cmTC_8378a.dir/testCCompiler.c.obj
X:\MinGW\bin\gcc.exe    -o CMakeFiles\cmTC_8378a.dir\testCCompiler.c.obj   -c "C:\Users\skysaver00\IdeaProjects\C, C++\11055_Largest_Incremental_Partial_Sequence\cmake-build-debug\CMakeFiles\CMakeTmp\testCCompiler.c"
Linking C executable cmTC_8378a.exe
"C:\Program Files\JetBrains\CLion 2020.3.1\bin\cmake\win\bin\cmake.exe" -E cmake_link_script CMakeFiles\cmTC_8378a.dir\link.txt --verbose=1
"C:\Program Files\JetBrains\CLion 2020.3.1\bin\cmake\win\bin\cmake.exe" -E rm -f CMakeFiles\cmTC_8378a.dir/objects.a
X:\MinGW\bin\ar.exe cr CMakeFiles\cmTC_8378a.dir/objects.a @CMakeFiles\cmTC_8378a.dir\objects1.rsp
X:\MinGW\bin\gcc.exe      -Wl,--whole-archive CMakeFiles\cmTC_8378a.dir/objects.a -Wl,--no-whole-archive  -o cmTC_8378a.exe -Wl,--out-implib,libcmTC_8378a.dll.a -Wl,--major-image-version,0,--minor-image-version,0 @CMakeFiles\cmTC_8378a.dir\linklibs.rsp
mingw32-make.exe[1]: Leaving directory 'C:/Users/skysaver00/IdeaProjects/C, C++/11055_Largest_Incremental_Partial_Sequence/cmake-build-debug/CMakeFiles/CMakeTmp'



